-------------------------------------------------------------------------------
Test set: stepDefinations.RunCucumberTest
-------------------------------------------------------------------------------
Tests run: 1, Failures: 0, Errors: 1, Skipped: 0, Time elapsed: 0.005 s <<< FAILURE! - in stepDefinations.RunCucumberTest
initializationError(stepDefinations.RunCucumberTest)  Time elapsed: 0.005 s  <<< ERROR!
cucumber.runtime.CucumberException: Couldn't load plugin class: com.aventstack.extentreports.cucumber.adapter.ExtentCucumberAdapter
Caused by: java.lang.ClassNotFoundException: com.aventstack.extentreports.cucumber.adapter.ExtentCucumberAdapter

