<?xml version="1.0" encoding="UTF-8"?>
<testsuite xmlns:xsi="http://www.w3.org/2001/XMLSchema-instance" xsi:noNamespaceSchemaLocation="https://maven.apache.org/surefire/maven-surefire-plugin/xsd/surefire-test-report.xsd" name="Login to Amazon two" time="48.302" tests="4" errors="0" skipped="0" failures="0">
  <properties>
[...]
</properties>
  <testcase name="Login With Correct Credentials 1" classname="Login to Amazon two" time="13.992"/>
  <testcase name="Login With Correct Credentials 1" classname="Login to Amazon two" time="11.688"/>
  <testcase name="Login With Correct Credentials 2" classname="Login to Amazon two" time="10.564"/>
  <testcase name="Login With Correct Credentials 2" classname="Login to Amazon two" time="12.054"/>
</testsuite>