<?xml version="1.0" encoding="UTF-8"?>
<testsuite xmlns:xsi="http://www.w3.org/2001/XMLSchema-instance" xsi:noNamespaceSchemaLocation="https://maven.apache.org/surefire/maven-surefire-plugin/xsd/surefire-test-report.xsd" name="Login to Amazon two" time="14.854" tests="2" errors="2" skipped="0" failures="0">
  <properties>
[...]
</properties>
  <testcase name="Login With Correct Credentials third" classname="Login to Amazon two" time="8.43">
    <error message="Dismissed user prompt dialog: http://inpnpxy3-wcg.corp.capgemini.com:8080 is requesting your username and password.: &#10;Build info: version: &apos;3.141.59&apos;, revision: &apos;e82be7d358&apos;, time: &apos;2018-11-14T08:17:03&apos;&#10;System info: host: &apos;LIN51007107&apos;, ip: &apos;10.103.1.45&apos;, os.name: &apos;Windows 10&apos;, os.arch: &apos;amd64&apos;, os.version: &apos;10.0&apos;, java.version: &apos;1.8.0_181&apos;&#10;Driver info: org.openqa.selenium.firefox.FirefoxDriver&#10;Capabilities {acceptInsecureCerts: true, browserName: firefox, browserVersion: 72.0.1, javascriptEnabled: true, moz:accessibilityChecks: false, moz:buildID: 20200107212822, moz:geckodriverVersion: 0.25.0, moz:headless: false, moz:processID: 79524, moz:profile: C:\Users\ankapur\AppData\Lo..., moz:shutdownTimeout: 60000, moz:useNonSpecCompliantPointerOrigin: false, moz:webdriverClick: true, pageLoadStrategy: normal, platform: WINDOWS, platformName: WINDOWS, platformVersion: 10.0, rotatable: false, setWindowRect: true, strictFileInteractability: false, timeouts: {implicit: 0, pageLoad: 300000, script: 30000}, unhandledPromptBehavior: dismiss and notify}&#10;Session ID: 971fa9d0-0a13-4b03-a518-205e2ee98c83" type="org.openqa.selenium.UnhandledAlertException">org.openqa.selenium.UnhandledAlertException: 
Dismissed user prompt dialog: http://inpnpxy3-wcg.corp.capgemini.com:8080 is requesting your username and password.: 
Build info: version: '3.141.59', revision: 'e82be7d358', time: '2018-11-14T08:17:03'
System info: host: 'LIN51007107', ip: '10.103.1.45', os.name: 'Windows 10', os.arch: 'amd64', os.version: '10.0', java.version: '1.8.0_181'
Driver info: org.openqa.selenium.firefox.FirefoxDriver
Capabilities {acceptInsecureCerts: true, browserName: firefox, browserVersion: 72.0.1, javascriptEnabled: true, moz:accessibilityChecks: false, moz:buildID: 20200107212822, moz:geckodriverVersion: 0.25.0, moz:headless: false, moz:processID: 79524, moz:profile: C:\Users\ankapur\AppData\Lo..., moz:shutdownTimeout: 60000, moz:useNonSpecCompliantPointerOrigin: false, moz:webdriverClick: true, pageLoadStrategy: normal, platform: WINDOWS, platformName: WINDOWS, platformVersion: 10.0, rotatable: false, setWindowRect: true, strictFileInteractability: false, timeouts: {implicit: 0, pageLoad: 300000, script: 30000}, unhandledPromptBehavior: dismiss and notify}
Session ID: 971fa9d0-0a13-4b03-a518-205e2ee98c83
</error>
    <system-out><![CDATA[Feature: Login to Amazon two

  Scenario Outline: Login With Correct Credentials third # src/test/java/features/featureFile2.feature:2
    Given User Launches Amazon Webpage "<Browser>"
    When User Navigates to Login Link
    Then User logins with Username  and Password
    Then User types "<Product>" "<Model>" name and searches and selects the first listing
    Then User goes to cart and removes the product
    Then User Logs Out
    Then User closes Browser

    Examples: 

  Scenario Outline: Login With Correct Credentials third                           # src/test/java/features/featureFile2.feature:17
    Given User Launches Amazon Webpage "FireFox"                                   # StepDef.user_Launches_Amazon_Webpage_on(String)
      org.openqa.selenium.UnhandledAlertException: Dismissed user prompt dialog: http://inpnpxy3-wcg.corp.capgemini.com:8080 is requesting your username and password.: 
Build info: version: '3.141.59', revision: 'e82be7d358', time: '2018-11-14T08:17:03'
System info: host: 'LIN51007107', ip: '10.103.1.45', os.name: 'Windows 10', os.arch: 'amd64', os.version: '10.0', java.version: '1.8.0_181'
Driver info: org.openqa.selenium.firefox.FirefoxDriver
Capabilities {acceptInsecureCerts: true, browserName: firefox, browserVersion: 72.0.1, javascriptEnabled: true, moz:accessibilityChecks: false, moz:buildID: 20200107212822, moz:geckodriverVersion: 0.25.0, moz:headless: false, moz:processID: 79524, moz:profile: C:\Users\ankapur\AppData\Lo..., moz:shutdownTimeout: 60000, moz:useNonSpecCompliantPointerOrigin: false, moz:webdriverClick: true, pageLoadStrategy: normal, platform: WINDOWS, platformName: WINDOWS, platformVersion: 10.0, rotatable: false, setWindowRect: true, strictFileInteractability: false, timeouts: {implicit: 0, pageLoad: 300000, script: 30000}, unhandledPromptBehavior: dismiss and notify}
Session ID: 971fa9d0-0a13-4b03-a518-205e2ee98c83
	at org.openqa.selenium.remote.http.W3CHttpResponseCodec.decode(W3CHttpResponseCodec.java:120)
	at org.openqa.selenium.remote.http.W3CHttpResponseCodec.decode(W3CHttpResponseCodec.java:49)
	at org.openqa.selenium.remote.HttpCommandExecutor.execute(HttpCommandExecutor.java:158)
	at org.openqa.selenium.remote.service.DriverCommandExecutor.execute(DriverCommandExecutor.java:83)
	at org.openqa.selenium.remote.RemoteWebDriver.execute(RemoteWebDriver.java:552)
	at org.openqa.selenium.remote.RemoteWebDriver.execute(RemoteWebDriver.java:609)
	at org.openqa.selenium.remote.RemoteWebDriver$RemoteWebDriverOptions$RemoteWindow.maximize(RemoteWebDriver.java:837)
	at UILibrary.Actions.getURL(Actions.java:107)
	at stepDefinations.StepDef.user_Launches_Amazon_Webpage_on(StepDef.java:87)
	at ?.User Launches Amazon Webpage "FireFox"(src/test/java/features/featureFile2.feature:4)

    When User Navigates to Login Link                                              # StepDef.user_Navigates_to_Login_Link()
    Then User logins with Username  and Password                                   # StepDef.user_logins_with_Username_and_Password(DataTable)
    Then User types "OnePlus" "7T" name and searches and selects the first listing # StepDef.user_types_name_and_searches_and_selects_the_first_listing(String,String)
    Then User goes to cart and removes the product                                 # StepDef.user_goes_to_cart_and_removes_the_product()
    Then User Logs Out                                                             # StepDef.user_Logs_Out()
    Then User closes Browser                                                       # StepDef.user_closes_Browser()

  Scenario Outline: Login With Correct Credentials third                               # src/test/java/features/featureFile2.feature:18
    Given User Launches Amazon Webpage "Chrome"                                        # StepDef.user_Launches_Amazon_Webpage_on(String)
      org.openqa.selenium.UnhandledAlertException: Dismissed user prompt dialog: http://inpnpxy3-wcg.corp.capgemini.com:8080 is requesting your username and password.: 
Build info: version: '3.141.59', revision: 'e82be7d358', time: '2018-11-14T08:17:03'
System info: host: 'LIN51007107', ip: '10.103.1.45', os.name: 'Windows 10', os.arch: 'amd64', os.version: '10.0', java.version: '1.8.0_181'
Driver info: org.openqa.selenium.firefox.FirefoxDriver
Capabilities {acceptInsecureCerts: true, browserName: firefox, browserVersion: 72.0.1, javascriptEnabled: true, moz:accessibilityChecks: false, moz:buildID: 20200107212822, moz:geckodriverVersion: 0.25.0, moz:headless: false, moz:processID: 81872, moz:profile: C:\Users\ankapur\AppData\Lo..., moz:shutdownTimeout: 60000, moz:useNonSpecCompliantPointerOrigin: false, moz:webdriverClick: true, pageLoadStrategy: normal, platform: WINDOWS, platformName: WINDOWS, platformVersion: 10.0, rotatable: false, setWindowRect: true, strictFileInteractability: false, timeouts: {implicit: 0, pageLoad: 300000, script: 30000}, unhandledPromptBehavior: dismiss and notify}
Session ID: 3f057b2a-45fd-418a-995b-66229a6ab934
	at org.openqa.selenium.remote.http.W3CHttpResponseCodec.decode(W3CHttpResponseCodec.java:120)
	at org.openqa.selenium.remote.http.W3CHttpResponseCodec.decode(W3CHttpResponseCodec.java:49)
	at org.openqa.selenium.remote.HttpCommandExecutor.execute(HttpCommandExecutor.java:158)
	at org.openqa.selenium.remote.service.DriverCommandExecutor.execute(DriverCommandExecutor.java:83)
	at org.openqa.selenium.remote.RemoteWebDriver.execute(RemoteWebDriver.java:552)
	at org.openqa.selenium.remote.RemoteWebDriver.execute(RemoteWebDriver.java:609)
	at org.openqa.selenium.remote.RemoteWebDriver$RemoteWebDriverOptions$RemoteWindow.maximize(RemoteWebDriver.java:837)
	at UILibrary.Actions.getURL(Actions.java:107)
	at stepDefinations.StepDef.user_Launches_Amazon_Webpage_on(StepDef.java:87)
	at ?.User Launches Amazon Webpage "Chrome"(src/test/java/features/featureFile2.feature:4)

    When User Navigates to Login Link                                                  # StepDef.user_Navigates_to_Login_Link()
    Then User logins with Username  and Password                                       # StepDef.user_logins_with_Username_and_Password(DataTable)
    Then User types "OnePlus" "7t pro" name and searches and selects the first listing # StepDef.user_types_name_and_searches_and_selects_the_first_listing(String,String)
    Then User goes to cart and removes the product                                     # StepDef.user_goes_to_cart_and_removes_the_product()
    Then User Logs Out                                                                 # StepDef.user_Logs_Out()
    Then User closes Browser                                                           # StepDef.user_closes_Browser()

Failed scenarios:
src/test/java/features/featureFile2.feature:17 # Login With Correct Credentials third
src/test/java/features/featureFile2.feature:18 # Login With Correct Credentials third

2 Scenarios (2 failed)
14 Steps (2 failed, 12 skipped)
0m15.016s

org.openqa.selenium.UnhandledAlertException: Dismissed user prompt dialog: http://inpnpxy3-wcg.corp.capgemini.com:8080 is requesting your username and password.: 
Build info: version: '3.141.59', revision: 'e82be7d358', time: '2018-11-14T08:17:03'
System info: host: 'LIN51007107', ip: '10.103.1.45', os.name: 'Windows 10', os.arch: 'amd64', os.version: '10.0', java.version: '1.8.0_181'
Driver info: org.openqa.selenium.firefox.FirefoxDriver
Capabilities {acceptInsecureCerts: true, browserName: firefox, browserVersion: 72.0.1, javascriptEnabled: true, moz:accessibilityChecks: false, moz:buildID: 20200107212822, moz:geckodriverVersion: 0.25.0, moz:headless: false, moz:processID: 79524, moz:profile: C:\Users\ankapur\AppData\Lo..., moz:shutdownTimeout: 60000, moz:useNonSpecCompliantPointerOrigin: false, moz:webdriverClick: true, pageLoadStrategy: normal, platform: WINDOWS, platformName: WINDOWS, platformVersion: 10.0, rotatable: false, setWindowRect: true, strictFileInteractability: false, timeouts: {implicit: 0, pageLoad: 300000, script: 30000}, unhandledPromptBehavior: dismiss and notify}
Session ID: 971fa9d0-0a13-4b03-a518-205e2ee98c83
	at org.openqa.selenium.remote.http.W3CHttpResponseCodec.decode(W3CHttpResponseCodec.java:120)
	at org.openqa.selenium.remote.http.W3CHttpResponseCodec.decode(W3CHttpResponseCodec.java:49)
	at org.openqa.selenium.remote.HttpCommandExecutor.execute(HttpCommandExecutor.java:158)
	at org.openqa.selenium.remote.service.DriverCommandExecutor.execute(DriverCommandExecutor.java:83)
	at org.openqa.selenium.remote.RemoteWebDriver.execute(RemoteWebDriver.java:552)
	at org.openqa.selenium.remote.RemoteWebDriver.execute(RemoteWebDriver.java:609)
	at org.openqa.selenium.remote.RemoteWebDriver$RemoteWebDriverOptions$RemoteWindow.maximize(RemoteWebDriver.java:837)
	at UILibrary.Actions.getURL(Actions.java:107)
	at stepDefinations.StepDef.user_Launches_Amazon_Webpage_on(StepDef.java:87)
	at ?.User Launches Amazon Webpage "FireFox"(src/test/java/features/featureFile2.feature:4)

org.openqa.selenium.UnhandledAlertException: Dismissed user prompt dialog: http://inpnpxy3-wcg.corp.capgemini.com:8080 is requesting your username and password.: 
Build info: version: '3.141.59', revision: 'e82be7d358', time: '2018-11-14T08:17:03'
System info: host: 'LIN51007107', ip: '10.103.1.45', os.name: 'Windows 10', os.arch: 'amd64', os.version: '10.0', java.version: '1.8.0_181'
Driver info: org.openqa.selenium.firefox.FirefoxDriver
Capabilities {acceptInsecureCerts: true, browserName: firefox, browserVersion: 72.0.1, javascriptEnabled: true, moz:accessibilityChecks: false, moz:buildID: 20200107212822, moz:geckodriverVersion: 0.25.0, moz:headless: false, moz:processID: 81872, moz:profile: C:\Users\ankapur\AppData\Lo..., moz:shutdownTimeout: 60000, moz:useNonSpecCompliantPointerOrigin: false, moz:webdriverClick: true, pageLoadStrategy: normal, platform: WINDOWS, platformName: WINDOWS, platformVersion: 10.0, rotatable: false, setWindowRect: true, strictFileInteractability: false, timeouts: {implicit: 0, pageLoad: 300000, script: 30000}, unhandledPromptBehavior: dismiss and notify}
Session ID: 3f057b2a-45fd-418a-995b-66229a6ab934
	at org.openqa.selenium.remote.http.W3CHttpResponseCodec.decode(W3CHttpResponseCodec.java:120)
	at org.openqa.selenium.remote.http.W3CHttpResponseCodec.decode(W3CHttpResponseCodec.java:49)
	at org.openqa.selenium.remote.HttpCommandExecutor.execute(HttpCommandExecutor.java:158)
	at org.openqa.selenium.remote.service.DriverCommandExecutor.execute(DriverCommandExecutor.java:83)
	at org.openqa.selenium.remote.RemoteWebDriver.execute(RemoteWebDriver.java:552)
	at org.openqa.selenium.remote.RemoteWebDriver.execute(RemoteWebDriver.java:609)
	at org.openqa.selenium.remote.RemoteWebDriver$RemoteWebDriverOptions$RemoteWindow.maximize(RemoteWebDriver.java:837)
	at UILibrary.Actions.getURL(Actions.java:107)
	at stepDefinations.StepDef.user_Launches_Amazon_Webpage_on(StepDef.java:87)
	at ?.User Launches Amazon Webpage "Chrome"(src/test/java/features/featureFile2.feature:4)

##########################   Test Scenario Initialization on Thread - pool-1-thread-2 with Thread ID - 14  ######################################
Test launched with - pool-1-thread-2
##########################   Test Scenario Tear Down  ######################################
]]></system-out>
    <system-err><![CDATA[1579844709260	mozrunner::runner	INFO	Running command: "C:/Users/ankapur/AppData/Local/Mozilla Firefox/firefox.exe" "-marionette" "-foreground" "-no-remote" "-profile" "C:\\Users\\ankapur\\AppData\\Local\\Temp\\rust_mozprofilepufKGQ"
1579844710102	addons.webextension.doh-rollout@mozilla.org	WARN	Loading extension 'doh-rollout@mozilla.org': Reading manifest: Invalid extension permission: networkStatus
1579844710201	addons.webextension.screenshots@mozilla.org	WARN	Loading extension 'screenshots@mozilla.org': Reading manifest: Invalid extension permission: mozillaAddons
1579844710204	addons.webextension.screenshots@mozilla.org	WARN	Loading extension 'screenshots@mozilla.org': Reading manifest: Invalid extension permission: telemetry
1579844710204	addons.webextension.screenshots@mozilla.org	WARN	Loading extension 'screenshots@mozilla.org': Reading manifest: Invalid extension permission: resource://pdf.js/
1579844710205	addons.webextension.screenshots@mozilla.org	WARN	Loading extension 'screenshots@mozilla.org': Reading manifest: Invalid extension permission: about:reader*
JavaScript error: resource://gre/modules/XULStore.jsm, line 66: Error: Can't find profile directory.
1579844712663	Marionette	INFO	Listening on port 56746
1579844713115	Marionette	WARN	TLS certificate errors will be ignored for this session
Jan 24, 2020 11:15:13 AM org.openqa.selenium.remote.ProtocolHandshake createSession
INFO: Detected dialect: W3C
1579844713928	Marionette	INFO	Stopped listening on port 56746

###!!! [Child][RunMessage] Error: Channel closing: too late to send/recv, messages will be lost


###!!! [Child][MessageChannel::SendAndWait] Error: Channel error: cannot send/recv

]]></system-err>
  </testcase>
  <testcase name="Login With Correct Credentials third" classname="Login to Amazon two" time="6.421">
    <error message="Dismissed user prompt dialog: http://inpnpxy3-wcg.corp.capgemini.com:8080 is requesting your username and password.: &#10;Build info: version: &apos;3.141.59&apos;, revision: &apos;e82be7d358&apos;, time: &apos;2018-11-14T08:17:03&apos;&#10;System info: host: &apos;LIN51007107&apos;, ip: &apos;10.103.1.45&apos;, os.name: &apos;Windows 10&apos;, os.arch: &apos;amd64&apos;, os.version: &apos;10.0&apos;, java.version: &apos;1.8.0_181&apos;&#10;Driver info: org.openqa.selenium.firefox.FirefoxDriver&#10;Capabilities {acceptInsecureCerts: true, browserName: firefox, browserVersion: 72.0.1, javascriptEnabled: true, moz:accessibilityChecks: false, moz:buildID: 20200107212822, moz:geckodriverVersion: 0.25.0, moz:headless: false, moz:processID: 81872, moz:profile: C:\Users\ankapur\AppData\Lo..., moz:shutdownTimeout: 60000, moz:useNonSpecCompliantPointerOrigin: false, moz:webdriverClick: true, pageLoadStrategy: normal, platform: WINDOWS, platformName: WINDOWS, platformVersion: 10.0, rotatable: false, setWindowRect: true, strictFileInteractability: false, timeouts: {implicit: 0, pageLoad: 300000, script: 30000}, unhandledPromptBehavior: dismiss and notify}&#10;Session ID: 3f057b2a-45fd-418a-995b-66229a6ab934" type="org.openqa.selenium.UnhandledAlertException">org.openqa.selenium.UnhandledAlertException: 
Dismissed user prompt dialog: http://inpnpxy3-wcg.corp.capgemini.com:8080 is requesting your username and password.: 
Build info: version: '3.141.59', revision: 'e82be7d358', time: '2018-11-14T08:17:03'
System info: host: 'LIN51007107', ip: '10.103.1.45', os.name: 'Windows 10', os.arch: 'amd64', os.version: '10.0', java.version: '1.8.0_181'
Driver info: org.openqa.selenium.firefox.FirefoxDriver
Capabilities {acceptInsecureCerts: true, browserName: firefox, browserVersion: 72.0.1, javascriptEnabled: true, moz:accessibilityChecks: false, moz:buildID: 20200107212822, moz:geckodriverVersion: 0.25.0, moz:headless: false, moz:processID: 81872, moz:profile: C:\Users\ankapur\AppData\Lo..., moz:shutdownTimeout: 60000, moz:useNonSpecCompliantPointerOrigin: false, moz:webdriverClick: true, pageLoadStrategy: normal, platform: WINDOWS, platformName: WINDOWS, platformVersion: 10.0, rotatable: false, setWindowRect: true, strictFileInteractability: false, timeouts: {implicit: 0, pageLoad: 300000, script: 30000}, unhandledPromptBehavior: dismiss and notify}
Session ID: 3f057b2a-45fd-418a-995b-66229a6ab934
</error>
    <system-out><![CDATA[##########################   Test Scenario Initialization on Thread - pool-1-thread-2 with Thread ID - 14  ######################################
Test launched with - pool-1-thread-2
##########################   Test Scenario Tear Down  ######################################
]]></system-out>
    <system-err><![CDATA[1579844715965	mozrunner::runner	INFO	Running command: "C:/Users/ankapur/AppData/Local/Mozilla Firefox/firefox.exe" "-marionette" "-foreground" "-no-remote" "-profile" "C:\\Users\\ankapur\\AppData\\Local\\Temp\\rust_mozprofile0mBAe2"
1579844716717	addons.webextension.doh-rollout@mozilla.org	WARN	Loading extension 'doh-rollout@mozilla.org': Reading manifest: Invalid extension permission: networkStatus
1579844716864	addons.webextension.screenshots@mozilla.org	WARN	Loading extension 'screenshots@mozilla.org': Reading manifest: Invalid extension permission: mozillaAddons
1579844716864	addons.webextension.screenshots@mozilla.org	WARN	Loading extension 'screenshots@mozilla.org': Reading manifest: Invalid extension permission: telemetry
1579844716865	addons.webextension.screenshots@mozilla.org	WARN	Loading extension 'screenshots@mozilla.org': Reading manifest: Invalid extension permission: resource://pdf.js/
1579844716865	addons.webextension.screenshots@mozilla.org	WARN	Loading extension 'screenshots@mozilla.org': Reading manifest: Invalid extension permission: about:reader*
JavaScript error: resource://gre/modules/XULStore.jsm, line 66: Error: Can't find profile directory.
1579844719290	Marionette	INFO	Listening on port 56771
1579844719359	Marionette	WARN	TLS certificate errors will be ignored for this session
Jan 24, 2020 11:15:19 AM org.openqa.selenium.remote.ProtocolHandshake createSession
INFO: Detected dialect: W3C
1579844720357	Marionette	INFO	Stopped listening on port 56771

###!!! [Child][RunMessage] Error: Channel closing: too late to send/recv, messages will be lost


###!!! [Child][MessageChannel::SendAndWait] Error: Channel error: cannot send/recv

]]></system-err>
  </testcase>
</testsuite>